  glad.c
  WindowManager.cpp
  Shape.cpp
  Program.cpp
  MatrixStack.cpp
  main.cpp
c:\users\anuj\downloads\final projectextracredit\finalprojectextracreditfinal\src\camera.h(39): warning C4305: '-=': truncation from 'double' to 'float'
c:\users\anuj\downloads\final projectextracredit\finalprojectextracreditfinal\src\camera.h(41): warning C4305: '-=': truncation from 'double' to 'float'
c:\users\anuj\downloads\final projectextracredit\finalprojectextracreditfinal\src\camera.h(43): warning C4305: '+=': truncation from 'double' to 'float'
c:\users\anuj\downloads\final projectextracredit\finalprojectextracreditfinal\src\camera.h(45): warning C4305: '+=': truncation from 'double' to 'float'
c:\users\anuj\downloads\final projectextracredit\finalprojectextracreditfinal\src\camera.h(47): warning C4305: '-=': truncation from 'double' to 'float'
c:\users\anuj\downloads\final projectextracredit\finalprojectextracreditfinal\src\camera.h(49): warning C4305: '+=': truncation from 'double' to 'float'
c:\users\anuj\downloads\final projectextracredit\finalprojectextracreditfinal\src\camera.h(56): warning C4305: '-=': truncation from 'double' to 'float'
c:\users\anuj\downloads\final projectextracredit\finalprojectextracreditfinal\src\main.cpp(279): warning C4305: 'initializing': truncation from 'double' to 'float'
c:\users\anuj\downloads\final projectextracredit\finalprojectextracreditfinal\src\main.cpp(285): warning C4244: '=': conversion from 'double' to 'GLfloat', possible loss of data
c:\users\anuj\downloads\final projectextracredit\finalprojectextracreditfinal\src\main.cpp(286): warning C4244: '=': conversion from 'double' to 'GLfloat', possible loss of data
c:\users\anuj\downloads\final projectextracredit\finalprojectextracreditfinal\src\main.cpp(287): warning C4244: '=': conversion from 'double' to 'GLfloat', possible loss of data
c:\users\anuj\downloads\final projectextracredit\finalprojectextracreditfinal\src\main.cpp(288): warning C4244: '=': conversion from 'double' to 'GLfloat', possible loss of data
c:\users\anuj\downloads\final projectextracredit\finalprojectextracreditfinal\src\main.cpp(289): warning C4244: '=': conversion from 'double' to 'GLfloat', possible loss of data
c:\users\anuj\downloads\final projectextracredit\finalprojectextracreditfinal\src\main.cpp(290): warning C4244: '=': conversion from 'double' to 'GLfloat', possible loss of data
c:\users\anuj\downloads\final projectextracredit\finalprojectextracreditfinal\src\main.cpp(319): warning C4244: 'initializing': conversion from 'double' to 'float', possible loss of data
c:\users\anuj\downloads\final projectextracredit\finalprojectextracreditfinal\src\main.cpp(320): warning C4244: 'initializing': conversion from 'double' to 'float', possible loss of data
c:\users\anuj\downloads\final projectextracredit\finalprojectextracreditfinal\src\main.cpp(323): warning C4244: 'initializing': conversion from 'double' to 'float', possible loss of data
c:\users\anuj\downloads\final projectextracredit\finalprojectextracreditfinal\src\main.cpp(324): warning C4305: '*=': truncation from 'double' to 'float'
c:\users\anuj\downloads\final projectextracredit\finalprojectextracreditfinal\src\main.cpp(325): warning C4244: '=': conversion from 'double' to 'float', possible loss of data
c:\users\anuj\downloads\final projectextracredit\finalprojectextracreditfinal\src\main.cpp(326): warning C4244: '=': conversion from 'double' to 'float', possible loss of data
c:\users\anuj\downloads\final projectextracredit\finalprojectextracreditfinal\src\main.cpp(328): warning C4244: 'initializing': conversion from 'double' to 'float', possible loss of data
c:\users\anuj\downloads\final projectextracredit\finalprojectextracreditfinal\src\main.cpp(329): warning C4305: '*=': truncation from 'double' to 'float'
c:\users\anuj\downloads\final projectextracredit\finalprojectextracreditfinal\src\main.cpp(330): warning C4244: '=': conversion from 'double' to 'float', possible loss of data
c:\users\anuj\downloads\final projectextracredit\finalprojectextracreditfinal\src\main.cpp(331): warning C4244: '=': conversion from 'double' to 'float', possible loss of data
c:\users\anuj\downloads\final projectextracredit\finalprojectextracreditfinal\src\main.cpp(342): warning C4305: '*=': truncation from 'double' to 'float'
c:\users\anuj\downloads\final projectextracredit\finalprojectextracreditfinal\src\main.cpp(343): warning C4305: '-=': truncation from 'double' to 'float'
c:\users\anuj\downloads\final projectextracredit\finalprojectextracreditfinal\src\main.cpp(344): warning C4244: 'initializing': conversion from 'double' to 'float', possible loss of data
c:\users\anuj\downloads\final projectextracredit\finalprojectextracreditfinal\src\main.cpp(346): warning C4305: '*=': truncation from 'double' to 'float'
c:\users\anuj\downloads\final projectextracredit\finalprojectextracreditfinal\src\main.cpp(347): warning C4305: '-=': truncation from 'double' to 'float'
c:\users\anuj\downloads\final projectextracredit\finalprojectextracreditfinal\src\main.cpp(348): warning C4244: 'initializing': conversion from 'double' to 'float', possible loss of data
c:\users\anuj\downloads\final projectextracredit\finalprojectextracreditfinal\src\main.cpp(378): warning C4305: 'initializing': truncation from 'double' to 'float'
c:\users\anuj\downloads\final projectextracredit\finalprojectextracreditfinal\src\main.cpp(387): warning C4244: '=': conversion from 'double' to 'GLfloat', possible loss of data
c:\users\anuj\downloads\final projectextracredit\finalprojectextracreditfinal\src\main.cpp(507): warning C4305: 'argument': truncation from 'double' to 'float'
c:\users\anuj\downloads\final projectextracredit\finalprojectextracreditfinal\src\main.cpp(507): warning C4244: 'argument': conversion from 'int' to 'float', possible loss of data
c:\users\anuj\downloads\final projectextracredit\finalprojectextracreditfinal\src\main.cpp(513): warning C4305: 'initializing': truncation from 'double' to 'float'
c:\users\anuj\downloads\final projectextracredit\finalprojectextracreditfinal\src\main.cpp(521): warning C4305: '=': truncation from 'double' to 'float'
c:\users\anuj\downloads\final projectextracredit\finalprojectextracreditfinal\src\main.cpp(539): warning C4244: '=': conversion from 'double' to 'float', possible loss of data
c:\users\anuj\downloads\final projectextracredit\finalprojectextracreditfinal\src\main.cpp(542): warning C4305: '=': truncation from 'double' to 'float'
c:\users\anuj\downloads\final projectextracredit\finalprojectextracreditfinal\src\main.cpp(546): warning C4305: '+=': truncation from 'double' to 'float'
c:\users\anuj\downloads\final projectextracredit\finalprojectextracreditfinal\src\main.cpp(509): warning C4102: 'glm': unreferenced label
  GLSL.cpp
  Generating Code...
glfw3.lib(context.obj) : warning LNK4099: PDB 'glfw.pdb' was not found with 'glfw3.lib(context.obj)' or at 'C:\Users\Anuj\Downloads\Final ProjectExtraCredit\finalprojectextracreditfinal\Debug\glfw.pdb'; linking object as if no debug info
glfw3.lib(init.obj) : warning LNK4099: PDB 'glfw.pdb' was not found with 'glfw3.lib(init.obj)' or at 'C:\Users\Anuj\Downloads\Final ProjectExtraCredit\finalprojectextracreditfinal\Debug\glfw.pdb'; linking object as if no debug info
glfw3.lib(input.obj) : warning LNK4099: PDB 'glfw.pdb' was not found with 'glfw3.lib(input.obj)' or at 'C:\Users\Anuj\Downloads\Final ProjectExtraCredit\finalprojectextracreditfinal\Debug\glfw.pdb'; linking object as if no debug info
glfw3.lib(monitor.obj) : warning LNK4099: PDB 'glfw.pdb' was not found with 'glfw3.lib(monitor.obj)' or at 'C:\Users\Anuj\Downloads\Final ProjectExtraCredit\finalprojectextracreditfinal\Debug\glfw.pdb'; linking object as if no debug info
glfw3.lib(vulkan.obj) : warning LNK4099: PDB 'glfw.pdb' was not found with 'glfw3.lib(vulkan.obj)' or at 'C:\Users\Anuj\Downloads\Final ProjectExtraCredit\finalprojectextracreditfinal\Debug\glfw.pdb'; linking object as if no debug info
glfw3.lib(window.obj) : warning LNK4099: PDB 'glfw.pdb' was not found with 'glfw3.lib(window.obj)' or at 'C:\Users\Anuj\Downloads\Final ProjectExtraCredit\finalprojectextracreditfinal\Debug\glfw.pdb'; linking object as if no debug info
glfw3.lib(win32_init.obj) : warning LNK4099: PDB 'glfw.pdb' was not found with 'glfw3.lib(win32_init.obj)' or at 'C:\Users\Anuj\Downloads\Final ProjectExtraCredit\finalprojectextracreditfinal\Debug\glfw.pdb'; linking object as if no debug info
glfw3.lib(win32_joystick.obj) : warning LNK4099: PDB 'glfw.pdb' was not found with 'glfw3.lib(win32_joystick.obj)' or at 'C:\Users\Anuj\Downloads\Final ProjectExtraCredit\finalprojectextracreditfinal\Debug\glfw.pdb'; linking object as if no debug info
glfw3.lib(win32_monitor.obj) : warning LNK4099: PDB 'glfw.pdb' was not found with 'glfw3.lib(win32_monitor.obj)' or at 'C:\Users\Anuj\Downloads\Final ProjectExtraCredit\finalprojectextracreditfinal\Debug\glfw.pdb'; linking object as if no debug info
glfw3.lib(win32_time.obj) : warning LNK4099: PDB 'glfw.pdb' was not found with 'glfw3.lib(win32_time.obj)' or at 'C:\Users\Anuj\Downloads\Final ProjectExtraCredit\finalprojectextracreditfinal\Debug\glfw.pdb'; linking object as if no debug info
glfw3.lib(win32_tls.obj) : warning LNK4099: PDB 'glfw.pdb' was not found with 'glfw3.lib(win32_tls.obj)' or at 'C:\Users\Anuj\Downloads\Final ProjectExtraCredit\finalprojectextracreditfinal\Debug\glfw.pdb'; linking object as if no debug info
glfw3.lib(win32_window.obj) : warning LNK4099: PDB 'glfw.pdb' was not found with 'glfw3.lib(win32_window.obj)' or at 'C:\Users\Anuj\Downloads\Final ProjectExtraCredit\finalprojectextracreditfinal\Debug\glfw.pdb'; linking object as if no debug info
glfw3.lib(wgl_context.obj) : warning LNK4099: PDB 'glfw.pdb' was not found with 'glfw3.lib(wgl_context.obj)' or at 'C:\Users\Anuj\Downloads\Final ProjectExtraCredit\finalprojectextracreditfinal\Debug\glfw.pdb'; linking object as if no debug info
glfw3.lib(egl_context.obj) : warning LNK4099: PDB 'glfw.pdb' was not found with 'glfw3.lib(egl_context.obj)' or at 'C:\Users\Anuj\Downloads\Final ProjectExtraCredit\finalprojectextracreditfinal\Debug\glfw.pdb'; linking object as if no debug info
  lab07.vcxproj -> C:\Users\Anuj\Downloads\Final ProjectExtraCredit\finalprojectextracreditfinal\Debug\FinalProject.exe
  lab07.vcxproj -> C:\Users\Anuj\Downloads\Final ProjectExtraCredit\finalprojectextracreditfinal\Debug\FinalProject.pdb (Partial PDB)
